<?xml version="1.0" encoding="UTF-8"?>
<testsuite name="UserProfileTests" tests="9" skipped="0" failures="1" errors="0" timestamp="2019-12-08T13:52:56" hostname="MBP-Darya.Dlink" time="55.078">
  <properties/>
  <testcase name="addCreditCard" classname="UserProfileTests" time="9.929"/>
  <testcase name="addCreditCardWithEmptyCardNumber" classname="UserProfileTests" time="13.078"/>
  <testcase name="addCreditCardWithEmptyPaymentSystem" classname="UserProfileTests" time="0.417"/>
  <testcase name="addUserInformation" classname="UserProfileTests" time="0.773"/>
  <testcase name="addUserWithEmptyFirstName" classname="UserProfileTests" time="0.749"/>
  <testcase name="addUserWithEmptyLastName" classname="UserProfileTests" time="0.563"/>
  <testcase name="displayUserProfileElements" classname="UserProfileTests" time="17.423">
    <failure message="Element should have value '20' {.slider}&#10;Element: '&lt;input class=&quot;slider&quot; id=&quot;paymentRange&quot; max=&quot;31&quot; min=&quot;1&quot; type=&quot;range&quot; value=&quot;16&quot;&gt;&lt;/input&gt;'&#10;Screenshot: file:/Users/darya/projects/qabattle/build/reports/tests/1575813219140.0.png&#10;Page source: file:/Users/darya/projects/qabattle/build/reports/tests/1575813219140.0.html&#10;Timeout: 4 s." type="com.codeborne.selenide.ex.ElementShould">Element should have value '20' {.slider}
Element: '&lt;input class=&quot;slider&quot; id=&quot;paymentRange&quot; max=&quot;31&quot; min=&quot;1&quot; type=&quot;range&quot; value=&quot;16&quot;&gt;&lt;/input&gt;'
Screenshot: file:/Users/darya/projects/qabattle/build/reports/tests/1575813219140.0.png
Page source: file:/Users/darya/projects/qabattle/build/reports/tests/1575813219140.0.html
Timeout: 4 s.
	at com.codeborne.selenide.impl.WebElementSource.checkCondition(WebElementSource.java:72)
	at com.codeborne.selenide.commands.Should.should(Should.java:35)
	at com.codeborne.selenide.commands.Should.execute(Should.java:29)
	at com.codeborne.selenide.commands.Should.execute(Should.java:12)
	at com.codeborne.selenide.commands.Commands.execute(Commands.java:144)
	at com.codeborne.selenide.impl.SelenideElementProxy.dispatchAndRetry(SelenideElementProxy.java:99)
	at com.codeborne.selenide.impl.SelenideElementProxy.invoke(SelenideElementProxy.java:65)
	at com.sun.proxy.$Proxy16.shouldHave(Unknown Source)
	at UserProfileTests.displayUserProfileElements(UserProfileTests.java:54)
	at sun.reflect.NativeMethodAccessorImpl.invoke0(Native Method)
	at sun.reflect.NativeMethodAccessorImpl.invoke(NativeMethodAccessorImpl.java:62)
	at sun.reflect.DelegatingMethodAccessorImpl.invoke(DelegatingMethodAccessorImpl.java:43)
	at java.lang.reflect.Method.invoke(Method.java:498)
	at org.testng.internal.MethodInvocationHelper.invokeMethod(MethodInvocationHelper.java:108)
	at org.testng.internal.Invoker.invokeMethod(Invoker.java:661)
	at org.testng.internal.Invoker.invokeTestMethod(Invoker.java:869)
	at org.testng.internal.Invoker.invokeTestMethods(Invoker.java:1193)
	at org.testng.internal.TestMethodWorker.invokeTestMethods(TestMethodWorker.java:126)
	at org.testng.internal.TestMethodWorker.run(TestMethodWorker.java:109)
	at org.testng.TestRunner.privateRun(TestRunner.java:744)
	at org.testng.TestRunner.run(TestRunner.java:602)
	at org.testng.SuiteRunner.runTest(SuiteRunner.java:380)
	at org.testng.SuiteRunner.access$000(SuiteRunner.java:39)
	at org.testng.SuiteRunner$SuiteWorker.run(SuiteRunner.java:414)
	at org.testng.internal.thread.ThreadUtil$1.call(ThreadUtil.java:52)
	at java.util.concurrent.FutureTask.run(FutureTask.java:266)
	at java.util.concurrent.ThreadPoolExecutor.runWorker(ThreadPoolExecutor.java:1149)
	at java.util.concurrent.ThreadPoolExecutor$Worker.run(ThreadPoolExecutor.java:624)
	at java.lang.Thread.run(Thread.java:748)
</failure>
  </testcase>
  <testcase name="editCreditCard" classname="UserProfileTests" time="10.809"/>
  <testcase name="editUserInformation" classname="UserProfileTests" time="1.126"/>
  <system-out><![CDATA[]]></system-out>
  <system-err><![CDATA[дек 08, 2019 4:52:39 PM com.codeborne.selenide.drivercommands.LazyDriver getAndCheckWebDriver
INFO: No webdriver is bound to current thread: 13 - let's create a new webdriver
SLF4J: Failed to load class "org.slf4j.impl.StaticLoggerBinder".
SLF4J: Defaulting to no-operation (NOP) logger implementation
SLF4J: See http://www.slf4j.org/codes.html#StaticLoggerBinder for further details.
Starting ChromeDriver 78.0.3904.105 (60e2d8774a8151efa6a00b1f358371b1e0e07ee2-refs/branch-heads/3904@{#877}) on port 29259
Only local connections are allowed.
Please protect ports used by ChromeDriver and related test frameworks to prevent access by malicious code.
дек 08, 2019 4:52:41 PM org.openqa.selenium.remote.ProtocolHandshake createSession
INFO: Detected dialect: W3C
дек 08, 2019 4:52:41 PM com.codeborne.selenide.webdriver.BrowserResizer adjustBrowserSize
INFO: Set browser size to 1366x768
дек 08, 2019 4:52:41 PM com.codeborne.selenide.webdriver.WebDriverFactory logBrowserVersion
INFO: BrowserName=chrome Version=78.0.3904.108 Platform=MAC
дек 08, 2019 4:52:41 PM com.codeborne.selenide.webdriver.WebDriverFactory createWebDriver
INFO: Selenide v. 5.2.2
дек 08, 2019 4:52:41 PM com.codeborne.selenide.webdriver.WebDriverFactory logSeleniumInfo
INFO: Selenium WebDriver v. 3.141.59 build time: 2018-11-14T08:17:03
дек 08, 2019 4:52:41 PM com.codeborne.selenide.drivercommands.CreateDriverCommand createDriver
INFO: Create webdriver in current thread 13: ChromeDriver -> ChromeDriver: chrome on MAC (b21c74226b869b43820f5a4f58577b27)
]]></system-err>
</testsuite>
